<?xml version="1.0" encoding="UTF-8"?>
<testng-results ignored="0" total="2" passed="2" failed="0" skipped="0">
  <reporter-output>
  </reporter-output>
  <suite started-at="2025-09-02T22:11:37 WAT" name="Suite" finished-at="2025-09-02T22:11:58 WAT" duration-ms="20440">
    <groups>
    </groups>
    <test started-at="2025-09-02T22:11:37 WAT" name="Test" finished-at="2025-09-02T22:11:58 WAT" duration-ms="20440">
      <class name="testcases.CreateAccountTest">
        <test-method is-config="true" signature="setup()[pri:0, instance:testcases.CreateAccountTest@2fb5fe30]" started-at="2025-09-02T22:11:38 WAT" name="setup" finished-at="2025-09-02T22:11:48 WAT" duration-ms="10477" status="PASS">
          <reporter-output>
          </reporter-output>
        </test-method> <!-- setup -->
        <test-method signature="createCheckingAccountTest()[pri:1, instance:testcases.CreateAccountTest@2fb5fe30]" started-at="2025-09-02T22:11:48 WAT" name="createCheckingAccountTest" finished-at="2025-09-02T22:11:54 WAT" duration-ms="5506" status="PASS">
          <reporter-output>
          </reporter-output>
        </test-method> <!-- createCheckingAccountTest -->
        <test-method signature="createSavingAccountTest()[pri:2, instance:testcases.CreateAccountTest@2fb5fe30]" started-at="2025-09-02T22:11:54 WAT" name="createSavingAccountTest" finished-at="2025-09-02T22:11:57 WAT" duration-ms="3833" status="PASS">
          <reporter-output>
          </reporter-output>
        </test-method> <!-- createSavingAccountTest -->
        <test-method is-config="true" signature="tearDown()[pri:0, instance:testcases.CreateAccountTest@2fb5fe30]" started-at="2025-09-02T22:11:57 WAT" name="tearDown" finished-at="2025-09-02T22:11:58 WAT" duration-ms="313" status="PASS">
          <reporter-output>
          </reporter-output>
        </test-method> <!-- tearDown -->
      </class> <!-- testcases.CreateAccountTest -->
    </test> <!-- Test -->
  </suite> <!-- Suite -->
</testng-results>
