<?xml version="1.0" encoding="UTF-8"?>
<!-- Generated by org.testng.reporters.JUnitXMLReporter -->
<testsuite ignored="0" hostname="DESKTOP-OLMI7T4" failures="0" tests="2" name="Create Account Tests" time="14.605" errors="0" timestamp="2025-09-09T17:16:13 WAT">
  <testcase classname="testcases.CreateAccountTest" name="createCheckingAccountTest" time="5.465"/>
  <testcase classname="testcases.CreateAccountTest" name="createSavingAccountTest" time="2.578"/>
</testsuite> <!-- Create Account Tests -->
