<?xml version="1.0" encoding="UTF-8"?>
<!-- Generated by org.testng.reporters.JUnitXMLReporter -->
<testsuite ignored="0" hostname="DESKTOP-OLMI7T4" failures="0" tests="2" name="Positive Transfer Tests" time="12.21" errors="0" timestamp="2025-09-09T17:16:26 WAT">
  <testcase classname="testcases.PositiveTransferTest" name="testTransferConfirmationDetails" time="4.331"/>
  <testcase classname="testcases.PositiveTransferTest" name="testTransferConfirmationDetails2" time="2.36"/>
</testsuite> <!-- Positive Transfer Tests -->
